<?xml version="1.0" encoding="UTF-8"?>
<testng-results skipped="0" failed="0" ignored="0" total="3" passed="3">
  <reporter-output>
    <line>
      <![CDATA[Extent Report Directory/Users/prodipbhowmik/IdeaProjects/AutomationFrameworkGroup6/HomeDepot/target/surefire-reports/html]]>
    </line>
  </reporter-output>
  <suite name="HomeDepot Automation Script " duration-ms="43787" started-at="2019-03-29T09:12:07Z" finished-at="2019-03-29T09:12:51Z">
    <groups>
    </groups>
    <test name="HomeDepot Home" duration-ms="43787" started-at="2019-03-29T09:12:07Z" finished-at="2019-03-29T09:12:51Z">
      <class name="home.TestHomePage">
        <test-method status="PASS" signature="extentSetup(org.testng.ITestContext)[pri:0, instance:home.TestHomePage@7ac7a4e4]" name="extentSetup" is-config="true" duration-ms="149" started-at="2019-03-29T09:12:07Z" finished-at="2019-03-29T09:12:07Z">
          <params>
            <param index="0">
              <value>
                <![CDATA[org.testng.TestRunner@48a12036]]>
              </value>
            </param>
          </params>
          <reporter-output>
            <line>
              <![CDATA[Extent Report Directory/Users/prodipbhowmik/IdeaProjects/AutomationFrameworkGroup6/HomeDepot/target/surefire-reports/html]]>
            </line>
          </reporter-output>
        </test-method> <!-- extentSetup -->
        <test-method status="PASS" signature="setUp(boolean, java.lang.String, java.lang.String, java.lang.String, java.lang.String, java.lang.String, java.lang.String)[pri:0, instance:home.TestHomePage@7ac7a4e4]" name="setUp" is-config="true" duration-ms="10291" started-at="2019-03-29T09:12:07Z" finished-at="2019-03-29T09:12:18Z">
          <params>
            <param index="0">
              <value>
                <![CDATA[false]]>
              </value>
            </param>
            <param index="1">
              <value>
                <![CDATA[browserstack]]>
              </value>
            </param>
            <param index="2">
              <value>
                <![CDATA[OS X]]>
              </value>
            </param>
            <param index="3">
              <value>
                <![CDATA[Sierra]]>
              </value>
            </param>
            <param index="4">
              <value>
                <![CDATA[Chrome]]>
              </value>
            </param>
            <param index="5">
              <value>
                <![CDATA[30.0]]>
              </value>
            </param>
            <param index="6">
              <value>
                <![CDATA[https://www.homedepot.com/]]>
              </value>
            </param>
          </params>
          <reporter-output>
          </reporter-output>
        </test-method> <!-- setUp -->
        <test-method status="PASS" signature="startExtent(java.lang.reflect.Method)[pri:0, instance:home.TestHomePage@7ac7a4e4]" name="startExtent" is-config="true" duration-ms="18" started-at="2019-03-29T09:12:18Z" finished-at="2019-03-29T09:12:18Z">
          <params>
            <param index="0">
              <value>
                <![CDATA[public void home.TestHomePage.TestStoreLocator()]]>
              </value>
            </param>
          </params>
          <reporter-output>
          </reporter-output>
        </test-method> <!-- startExtent -->
        <test-method status="PASS" signature="TestStoreLocator()[pri:0, instance:home.TestHomePage@7ac7a4e4]" name="TestStoreLocator" duration-ms="3486" started-at="2019-03-29T09:12:18Z" finished-at="2019-03-29T09:12:21Z">
          <reporter-output>
          </reporter-output>
        </test-method> <!-- TestStoreLocator -->
        <test-method status="PASS" signature="afterEachTestMethod(org.testng.ITestResult)[pri:0, instance:home.TestHomePage@7ac7a4e4]" name="afterEachTestMethod" is-config="true" duration-ms="959" started-at="2019-03-29T09:12:21Z" finished-at="2019-03-29T09:12:22Z">
          <params>
            <param index="0">
              <value>
                <![CDATA[[TestResult name=TestStoreLocator status=SUCCESS method=TestHomePage.TestStoreLocator()[pri:0, instance:home.TestHomePage@7ac7a4e4] output={null}]]]>
              </value>
            </param>
          </params>
          <reporter-output>
          </reporter-output>
        </test-method> <!-- afterEachTestMethod -->
        <test-method status="PASS" signature="cleanUp()[pri:0, instance:home.TestHomePage@7ac7a4e4]" name="cleanUp" is-config="true" duration-ms="1" started-at="2019-03-29T09:12:22Z" finished-at="2019-03-29T09:12:22Z">
          <reporter-output>
          </reporter-output>
        </test-method> <!-- cleanUp -->
        <test-method status="PASS" signature="setUp(boolean, java.lang.String, java.lang.String, java.lang.String, java.lang.String, java.lang.String, java.lang.String)[pri:0, instance:home.TestHomePage@7ac7a4e4]" name="setUp" is-config="true" duration-ms="8701" started-at="2019-03-29T09:12:22Z" finished-at="2019-03-29T09:12:31Z">
          <params>
            <param index="0">
              <value>
                <![CDATA[false]]>
              </value>
            </param>
            <param index="1">
              <value>
                <![CDATA[browserstack]]>
              </value>
            </param>
            <param index="2">
              <value>
                <![CDATA[OS X]]>
              </value>
            </param>
            <param index="3">
              <value>
                <![CDATA[Sierra]]>
              </value>
            </param>
            <param index="4">
              <value>
                <![CDATA[Chrome]]>
              </value>
            </param>
            <param index="5">
              <value>
                <![CDATA[30.0]]>
              </value>
            </param>
            <param index="6">
              <value>
                <![CDATA[https://www.homedepot.com/]]>
              </value>
            </param>
          </params>
          <reporter-output>
          </reporter-output>
        </test-method> <!-- setUp -->
        <test-method status="PASS" signature="startExtent(java.lang.reflect.Method)[pri:0, instance:home.TestHomePage@7ac7a4e4]" name="startExtent" is-config="true" duration-ms="0" started-at="2019-03-29T09:12:31Z" finished-at="2019-03-29T09:12:31Z">
          <params>
            <param index="0">
              <value>
                <![CDATA[public void home.TestHomePage.TestTitle()]]>
              </value>
            </param>
          </params>
          <reporter-output>
          </reporter-output>
        </test-method> <!-- startExtent -->
        <test-method status="PASS" signature="TestTitle()[pri:0, instance:home.TestHomePage@7ac7a4e4]" name="TestTitle" duration-ms="159" started-at="2019-03-29T09:12:31Z" finished-at="2019-03-29T09:12:31Z">
          <reporter-output>
          </reporter-output>
        </test-method> <!-- TestTitle -->
        <test-method status="PASS" signature="afterEachTestMethod(org.testng.ITestResult)[pri:0, instance:home.TestHomePage@7ac7a4e4]" name="afterEachTestMethod" is-config="true" duration-ms="325" started-at="2019-03-29T09:12:31Z" finished-at="2019-03-29T09:12:31Z">
          <params>
            <param index="0">
              <value>
                <![CDATA[[TestResult name=TestTitle status=SUCCESS method=TestHomePage.TestTitle()[pri:0, instance:home.TestHomePage@7ac7a4e4] output={null}]]]>
              </value>
            </param>
          </params>
          <reporter-output>
          </reporter-output>
        </test-method> <!-- afterEachTestMethod -->
        <test-method status="PASS" signature="setUp(boolean, java.lang.String, java.lang.String, java.lang.String, java.lang.String, java.lang.String, java.lang.String)[pri:0, instance:home.TestHomePage@7ac7a4e4]" name="setUp" is-config="true" duration-ms="9304" started-at="2019-03-29T09:12:31Z" finished-at="2019-03-29T09:12:41Z">
          <params>
            <param index="0">
              <value>
                <![CDATA[false]]>
              </value>
            </param>
            <param index="1">
              <value>
                <![CDATA[browserstack]]>
              </value>
            </param>
            <param index="2">
              <value>
                <![CDATA[OS X]]>
              </value>
            </param>
            <param index="3">
              <value>
                <![CDATA[Sierra]]>
              </value>
            </param>
            <param index="4">
              <value>
                <![CDATA[Chrome]]>
              </value>
            </param>
            <param index="5">
              <value>
                <![CDATA[30.0]]>
              </value>
            </param>
            <param index="6">
              <value>
                <![CDATA[https://www.homedepot.com/]]>
              </value>
            </param>
          </params>
          <reporter-output>
          </reporter-output>
        </test-method> <!-- setUp -->
        <test-method status="PASS" signature="cleanUp()[pri:0, instance:home.TestHomePage@7ac7a4e4]" name="cleanUp" is-config="true" duration-ms="0" started-at="2019-03-29T09:12:31Z" finished-at="2019-03-29T09:12:31Z">
          <reporter-output>
          </reporter-output>
        </test-method> <!-- cleanUp -->
        <test-method status="PASS" signature="TrackOrders()[pri:0, instance:home.TestHomePage@7ac7a4e4]" name="TrackOrders" duration-ms="10188" started-at="2019-03-29T09:12:41Z" finished-at="2019-03-29T09:12:51Z">
          <reporter-output>
          </reporter-output>
        </test-method> <!-- TrackOrders -->
        <test-method status="PASS" signature="startExtent(java.lang.reflect.Method)[pri:0, instance:home.TestHomePage@7ac7a4e4]" name="startExtent" is-config="true" duration-ms="0" started-at="2019-03-29T09:12:41Z" finished-at="2019-03-29T09:12:41Z">
          <params>
            <param index="0">
              <value>
                <![CDATA[public void home.TestHomePage.TrackOrders()]]>
              </value>
            </param>
          </params>
          <reporter-output>
          </reporter-output>
        </test-method> <!-- startExtent -->
        <test-method status="PASS" signature="afterEachTestMethod(org.testng.ITestResult)[pri:0, instance:home.TestHomePage@7ac7a4e4]" name="afterEachTestMethod" is-config="true" duration-ms="341" started-at="2019-03-29T09:12:51Z" finished-at="2019-03-29T09:12:51Z">
          <params>
            <param index="0">
              <value>
                <![CDATA[[TestResult name=TrackOrders status=SUCCESS method=TestHomePage.TrackOrders()[pri:0, instance:home.TestHomePage@7ac7a4e4] output={null}]]]>
              </value>
            </param>
          </params>
          <reporter-output>
          </reporter-output>
        </test-method> <!-- afterEachTestMethod -->
        <test-method status="PASS" signature="cleanUp()[pri:0, instance:home.TestHomePage@7ac7a4e4]" name="cleanUp" is-config="true" duration-ms="0" started-at="2019-03-29T09:12:51Z" finished-at="2019-03-29T09:12:51Z">
          <reporter-output>
          </reporter-output>
        </test-method> <!-- cleanUp -->
        <test-method status="PASS" signature="generateReport()[pri:0, instance:home.TestHomePage@7ac7a4e4]" name="generateReport" is-config="true" duration-ms="36" started-at="2019-03-29T09:12:51Z" finished-at="2019-03-29T09:12:51Z">
          <reporter-output>
          </reporter-output>
        </test-method> <!-- generateReport -->
      </class> <!-- home.TestHomePage -->
    </test> <!-- HomeDepot Home -->
  </suite> <!-- HomeDepot Automation Script  -->
</testng-results>
