<?xml version="1.0" encoding="UTF-8"?>
<!-- Generated by org.testng.reporters.JUnitXMLReporter -->
<testsuite hostname="prodips-MBP" ignored="0" name="HomeDepot Home" tests="3" failures="0" timestamp="29 Mar 2019 19:53:46 GMT" time="45.714" errors="0">
  <testcase name="TestStoreLocator" time="4.161" classname="home.TestHomePage"/>
  <testcase name="TestTitle" time="0.181" classname="home.TestHomePage"/>
  <testcase name="TrackOrders" time="10.587" classname="home.TestHomePage"/>
</testsuite> <!-- HomeDepot Home -->
