<?xml version="1.0" encoding="UTF-8"?>
<testng-results skipped="0" failed="0" ignored="0" total="0" passed="0">
  <reporter-output>
  </reporter-output>
  <suite name="BestBuy Automation Script " duration-ms="6" started-at="2019-03-21T06:06:40Z" finished-at="2019-03-21T06:06:40Z">
    <groups>
    </groups>
    <test name="BestBuy Home" duration-ms="6" started-at="2019-03-21T06:06:40Z" finished-at="2019-03-21T06:06:40Z">
    </test> <!-- BestBuy Home -->
  </suite> <!-- BestBuy Automation Script  -->
</testng-results>
